<?xml version="1.0" encoding="UTF-8"?>
<coverage generated="1598575503014" clover="3.2.0">
  <project timestamp="1598575503014" name="All files">
    <metrics statements="16" coveredstatements="13" conditionals="17" coveredconditionals="12" methods="4" coveredmethods="2" elements="37" coveredelements="27" complexity="0" loc="16" ncloc="16" packages="1" files="1" classes="1"/>
    <file name="SchedulingHandler.js" path="/Users/luiseduardo/Documents/Projects/event-scheduling/src/components/scheduling/SchedulingHandler.js">
      <metrics statements="16" coveredstatements="13" conditionals="17" coveredconditionals="12" methods="4" coveredmethods="2"/>
      <line num="1" count="1" type="stmt"/>
      <line num="4" count="1" type="stmt"/>
      <line num="12" count="0" type="stmt"/>
      <line num="18" count="0" type="stmt"/>
      <line num="26" count="1" type="stmt"/>
      <line num="27" count="1" type="stmt"/>
      <line num="29" count="1" type="cond" truecount="3" falsecount="1"/>
      <line num="31" count="1" type="cond" truecount="3" falsecount="1"/>
      <line num="35" count="1" type="cond" truecount="1" falsecount="1"/>
      <line num="36" count="0" type="cond" truecount="0" falsecount="2"/>
      <line num="39" count="1" type="stmt"/>
      <line num="43" count="5" type="stmt"/>
      <line num="44" count="5" type="stmt"/>
      <line num="45" count="5" type="stmt"/>
      <line num="47" count="5" type="stmt"/>
      <line num="53" count="1" type="stmt"/>
    </file>
  </project>
</coverage>
