{"/Users/luiseduardo/Documents/Projects/event-scheduling/src/components/scheduling/SchedulingHandler.js": {"path":"/Users/luiseduardo/Documents/Projects/event-scheduling/src/components/scheduling/SchedulingHandler.js","statementMap":{"0":{"start":{"line":2,"column":14},"end":{"line":7,"column":1}},"1":{"start":{"line":10,"column":18},"end":{"line":10,"column":42}},"2":{"start":{"line":11,"column":22},"end":{"line":11,"column":49}},"3":{"start":{"line":13,"column":18},"end":{"line":13,"column":73}},"4":{"start":{"line":15,"column":4},"end":{"line":17,"column":12}},"5":{"start":{"line":19,"column":2},"end":{"line":21,"column":3}},"6":{"start":{"line":20,"column":4},"end":{"line":20,"column":62}},"7":{"start":{"line":23,"column":2},"end":{"line":23,"column":65}},"8":{"start":{"line":27,"column":18},"end":{"line":27,"column":46}},"9":{"start":{"line":28,"column":21},"end":{"line":28,"column":52}},"10":{"start":{"line":29,"column":25},"end":{"line":29,"column":60}},"11":{"start":{"line":31,"column":2},"end":{"line":34,"column":4}},"12":{"start":{"line":37,"column":0},"end":{"line":37,"column":63}}},"fnMap":{"0":{"name":"createEventFromString","decl":{"start":{"line":9,"column":9},"end":{"line":9,"column":30}},"loc":{"start":{"line":9,"column":38},"end":{"line":24,"column":1}},"line":9},"1":{"name":"validateTitleEvent","decl":{"start":{"line":26,"column":9},"end":{"line":26,"column":27}},"loc":{"start":{"line":26,"column":40},"end":{"line":35,"column":1}},"line":26}},"branchMap":{"0":{"loc":{"start":{"line":13,"column":18},"end":{"line":13,"column":73}},"type":"cond-expr","locations":[{"start":{"line":13,"column":54},"end":{"line":13,"column":66}},{"start":{"line":13,"column":69},"end":{"line":13,"column":73}}],"line":13},"1":{"loc":{"start":{"line":13,"column":18},"end":{"line":13,"column":51}},"type":"binary-expr","locations":[{"start":{"line":13,"column":18},"end":{"line":13,"column":27}},{"start":{"line":13,"column":31},"end":{"line":13,"column":51}}],"line":13},"2":{"loc":{"start":{"line":15,"column":4},"end":{"line":17,"column":12}},"type":"cond-expr","locations":[{"start":{"line":16,"column":8},"end":{"line":16,"column":55}},{"start":{"line":17,"column":8},"end":{"line":17,"column":12}}],"line":15},"3":{"loc":{"start":{"line":15,"column":4},"end":{"line":15,"column":45}},"type":"binary-expr","locations":[{"start":{"line":15,"column":4},"end":{"line":15,"column":17}},{"start":{"line":15,"column":21},"end":{"line":15,"column":45}}],"line":15},"4":{"loc":{"start":{"line":19,"column":2},"end":{"line":21,"column":3}},"type":"if","locations":[{"start":{"line":19,"column":2},"end":{"line":21,"column":3}},{"start":{"line":19,"column":2},"end":{"line":21,"column":3}}],"line":19},"5":{"loc":{"start":{"line":20,"column":20},"end":{"line":20,"column":61}},"type":"cond-expr","locations":[{"start":{"line":20,"column":53},"end":{"line":20,"column":54}},{"start":{"line":20,"column":57},"end":{"line":20,"column":61}}],"line":20},"6":{"loc":{"start":{"line":32,"column":4},"end":{"line":33,"column":80}},"type":"binary-expr","locations":[{"start":{"line":32,"column":4},"end":{"line":32,"column":13}},{"start":{"line":33,"column":6},"end":{"line":33,"column":18}},{"start":{"line":33,"column":22},"end":{"line":33,"column":39}},{"start":{"line":33,"column":45},"end":{"line":33,"column":58}},{"start":{"line":33,"column":62},"end":{"line":33,"column":78}}],"line":32}},"s":{"0":1,"1":1,"2":1,"3":1,"4":1,"5":1,"6":0,"7":1,"8":5,"9":5,"10":5,"11":5,"12":1},"f":{"0":1,"1":5},"b":{"0":[1,0],"1":[1,1],"2":[1,0],"3":[1,1],"4":[0,1],"5":[0,0],"6":[5,4,1,3,3]},"_coverageSchema":"1a1c01bbd47fc00a2c39e90264f33305004495a9","hash":"44c4e91abcd070ab8f2f0fe9843722b36845e9f5"}
}
