{"/Users/luiseduardo/Documents/Projects/event-scheduling/src/components/scheduling/SchedulingHandler.js": {"path":"/Users/luiseduardo/Documents/Projects/event-scheduling/src/components/scheduling/SchedulingHandler.js","statementMap":{"0":{"start":{"line":4,"column":19},"end":{"line":4,"column":38}},"1":{"start":{"line":5,"column":22},"end":{"line":5,"column":40}},"2":{"start":{"line":6,"column":28},"end":{"line":6,"column":43}},"3":{"start":{"line":8,"column":18},"end":{"line":8,"column":41}},"4":{"start":{"line":9,"column":22},"end":{"line":9,"column":48}},"5":{"start":{"line":11,"column":18},"end":{"line":11,"column":73}},"6":{"start":{"line":13,"column":4},"end":{"line":15,"column":12}},"7":{"start":{"line":17,"column":2},"end":{"line":17,"column":65}},"8":{"start":{"line":21,"column":19},"end":{"line":21,"column":33}},"9":{"start":{"line":22,"column":22},"end":{"line":22,"column":40}},"10":{"start":{"line":23,"column":26},"end":{"line":23,"column":39}},"11":{"start":{"line":25,"column":18},"end":{"line":25,"column":45}},"12":{"start":{"line":26,"column":21},"end":{"line":26,"column":51}},"13":{"start":{"line":27,"column":25},"end":{"line":27,"column":59}},"14":{"start":{"line":29,"column":2},"end":{"line":32,"column":4}},"15":{"start":{"line":35,"column":0},"end":{"line":35,"column":63}}},"fnMap":{"0":{"name":"createEventFromString","decl":{"start":{"line":3,"column":9},"end":{"line":3,"column":30}},"loc":{"start":{"line":3,"column":38},"end":{"line":18,"column":1}},"line":3},"1":{"name":"validateTitleEvent","decl":{"start":{"line":20,"column":9},"end":{"line":20,"column":27}},"loc":{"start":{"line":20,"column":40},"end":{"line":33,"column":1}},"line":20}},"branchMap":{"0":{"loc":{"start":{"line":11,"column":18},"end":{"line":11,"column":73}},"type":"cond-expr","locations":[{"start":{"line":11,"column":54},"end":{"line":11,"column":66}},{"start":{"line":11,"column":69},"end":{"line":11,"column":73}}],"line":11},"1":{"loc":{"start":{"line":11,"column":18},"end":{"line":11,"column":51}},"type":"binary-expr","locations":[{"start":{"line":11,"column":18},"end":{"line":11,"column":27}},{"start":{"line":11,"column":31},"end":{"line":11,"column":51}}],"line":11},"2":{"loc":{"start":{"line":13,"column":4},"end":{"line":15,"column":12}},"type":"cond-expr","locations":[{"start":{"line":14,"column":8},"end":{"line":14,"column":54}},{"start":{"line":15,"column":8},"end":{"line":15,"column":12}}],"line":13},"3":{"loc":{"start":{"line":13,"column":4},"end":{"line":13,"column":45}},"type":"binary-expr","locations":[{"start":{"line":13,"column":4},"end":{"line":13,"column":17}},{"start":{"line":13,"column":21},"end":{"line":13,"column":45}}],"line":13},"4":{"loc":{"start":{"line":30,"column":4},"end":{"line":31,"column":80}},"type":"binary-expr","locations":[{"start":{"line":30,"column":4},"end":{"line":30,"column":13}},{"start":{"line":31,"column":6},"end":{"line":31,"column":18}},{"start":{"line":31,"column":22},"end":{"line":31,"column":39}},{"start":{"line":31,"column":45},"end":{"line":31,"column":58}},{"start":{"line":31,"column":62},"end":{"line":31,"column":78}}],"line":30}},"s":{"0":1,"1":1,"2":1,"3":1,"4":1,"5":1,"6":1,"7":1,"8":5,"9":5,"10":5,"11":5,"12":5,"13":5,"14":5,"15":1},"f":{"0":1,"1":5},"b":{"0":[1,0],"1":[1,1],"2":[1,0],"3":[1,1],"4":[5,4,1,3,3]},"_coverageSchema":"1a1c01bbd47fc00a2c39e90264f33305004495a9","hash":"916b22300e1e44ecaa8cc267753be82839417065"}
}
