TN:
SF:src/components/scheduling/SchedulingHandler.js
FN:11,generateTrack
FN:17,addTimeToEvent
FN:25,createEventFromString
FN:42,validateTitleEvent
FNF:4
FNH:2
FNDA:0,generateTrack
FNDA:0,addTimeToEvent
FNDA:1,createEventFromString
FNDA:5,validateTitleEvent
DA:1,1
DA:4,1
DA:12,0
DA:18,0
DA:26,1
DA:27,1
DA:29,1
DA:31,1
DA:35,1
DA:36,0
DA:39,1
DA:43,5
DA:44,5
DA:45,5
DA:47,5
DA:53,1
LF:16
LH:13
BRDA:29,0,0,1
BRDA:29,0,1,0
BRDA:29,1,0,1
BRDA:29,1,1,1
BRDA:31,2,0,1
BRDA:31,2,1,0
BRDA:31,3,0,1
BRDA:31,3,1,1
BRDA:35,4,0,0
BRDA:35,4,1,1
BRDA:36,5,0,0
BRDA:36,5,1,0
BRDA:48,6,0,5
BRDA:48,6,1,4
BRDA:48,6,2,1
BRDA:48,6,3,3
BRDA:48,6,4,3
BRF:17
BRH:12
end_of_record
