TN:
SF:src/common/utils/normalizeTime.js
FN:4,(anonymous_0)
FN:5,(anonymous_1)
FNF:2
FNH:2
FNDA:1,(anonymous_0)
FNDA:10,(anonymous_1)
DA:1,1
DA:2,1
DA:4,1
DA:5,10
LF:4
LH:4
BRF:0
BRH:0
end_of_record
TN:
SF:src/components/scheduling/SchedulingHandler.js
FN:20,generateTrack
FN:24,(anonymous_1)
FN:30,(anonymous_2)
FN:31,(anonymous_3)
FN:75,addTimeToEvent
FN:83,createEventFromString
FN:100,validateTitleEvent
FNF:7
FNH:7
FNDA:1,generateTrack
FNDA:6,(anonymous_1)
FNDA:11,(anonymous_2)
FNDA:11,(anonymous_3)
FNDA:12,addTimeToEvent
FNDA:1,createEventFromString
FNDA:5,validateTitleEvent
DA:7,1
DA:8,1
DA:10,1
DA:11,1
DA:13,1
DA:21,1
DA:22,1
DA:24,6
DA:26,1
DA:27,1
DA:29,1
DA:30,10
DA:31,11
DA:32,11
DA:35,10
DA:36,10
DA:39,10
DA:41,1
DA:45,0
DA:47,0
DA:48,0
DA:49,0
DA:50,0
DA:51,0
DA:53,1
DA:54,1
DA:55,1
DA:59,10
DA:60,10
DA:62,10
DA:66,1
DA:68,1
DA:72,1
DA:76,12
DA:84,1
DA:85,1
DA:87,1
DA:89,1
DA:93,1
DA:94,0
DA:97,1
DA:101,5
DA:102,5
DA:103,5
DA:105,5
DA:111,1
LF:46
LH:39
BRDA:35,0,0,10
BRDA:35,0,1,0
BRDA:39,1,0,1
BRDA:39,1,1,9
BRDA:41,2,0,0
BRDA:41,2,1,1
BRDA:42,3,0,1
BRDA:42,3,1,1
BRDA:62,4,0,1
BRDA:62,4,1,9
BRDA:63,5,0,10
BRDA:63,5,1,1
BRDA:87,6,0,1
BRDA:87,6,1,0
BRDA:87,7,0,1
BRDA:87,7,1,1
BRDA:89,8,0,1
BRDA:89,8,1,0
BRDA:89,9,0,1
BRDA:89,9,1,1
BRDA:93,10,0,0
BRDA:93,10,1,1
BRDA:94,11,0,0
BRDA:94,11,1,0
BRDA:106,12,0,5
BRDA:106,12,1,4
BRDA:106,12,2,1
BRDA:106,12,3,3
BRDA:106,12,4,3
BRF:29
BRH:22
end_of_record
